p/Panneau_Stop_Square_Georges_Guyon_-_Maisons-Alfort_(FR94)_-_2021-03-22_-_1.jpg 1 0 0 220 293
p/Stop_sign.png 1 0 0 608 608
p/Free-Editable-Stop-Sign-Template-1.jpg 1 0 0 1700 2200
p/Free-Printable-Stop-Sign-Template.jpg 1 0 0 410 316
p/index.jpeg 1 0 0 1486 991
p/stop-sign-stop-icon-vector-stop-illustration-red-warning-symbol-700-176522689.jpg 1 0 0 700 700
p/Stop-Sign-PNG-Image.png 1 0 0 920 1361
p/36252.jpg 1 0 0 500 500
p/maxresdefault.jpg 1 0 0 1280 720
p/stop.jpg 1 0 0 1086 929
p/960x0.jpg 1 0 0 709 473
p/shutterstock_85479841.jpg 1 0 0 1000 642
p/red-stop-sign-icon-text-apps-websites-176945492.jpg 1 0 0 800 800
p/stop-sign-template-planerium.jpg 1 0 0 816 1056
p/stop-sign-5614.jpg 1 0 0 850 637
p/1024px-Australia_road_sign_W3-1.svg.png 1 0 0 1024 1024
p/STOP_sign.jpg 1 0 0 1389 1500
p/stop-sign-histroy.jpg 1 0 0 912 708
p/6577240825_9ebb4868c6_k.jpg 1 0 0 1360 2048
p/OLD3-Stop_Sign.png 1 0 0 2340 1316
p/9573599_B88846239Z.1_20190829205307_000_G7PN3RPO.3-0.jpg 1 0 0 1086 1688
p/Stop-Hand-Sign-1.jpg 1 0 0 2200 1700
p/Control-Signs-STOP-SIGNS-are-regulatory-devices-often-mounted-on-the-roadside-near-the.png 1 0 0 850 514
p/1683909291935.jpg 1 0 0 1420 795
p/13637753574_e7c23b5d4a_b.jpg 1 0 0 640 426
p/80f77824-9b99-4c50-b222-580d29585d47_1024x1024@2x.jpg 1 0 0 1608 1609
p/Final_9e6a20cf-4cd1-4db3-a88c-dfd366984b83_grande.png 1 0 0 480 480
p/30018-1-beck-traffic-stop-sign_700x700.jpg 1 0 0 700 700
p/gettyimages-529371821-612x612.jpg 1 0 0 612 612
p/5518f9ac-8980-4bc3-8d31-0ae084bfefc8.jpeg 1 0 0 2000 2000
p/NEWASH__30198.jpg 1 0 0 380 380
p/istockphoto-529371821-612x612.jpg 1 0 0 612 612
p/product16584__31715.jpg 1 0 0 649 1280
p/7448-0__03292.jpg 1 0 0 841 1280
p/istockphoto-1307624581-612x612.jpg 1 0 0 612 612
p/1686138770325.png 1 0 0 744 1052
p/1CFA32A8-13FD-4EE4-94AB-5AD1B96BB407-xl__72244.jpg 1 0 0 674 1280
p/traffic_light_stop_sign.png 1 0 0 1300 1500
p/Stopsign_R1-1.jpg 1 0 0 1280 800
p/tg01.jpg 1 0 0 350 250